[2024-10-08T04:58:05.318Z] [INFO] Загружено команд: 0
[2024-10-08T04:58:05.319Z] [INFO] Загруженные команды:
[2024-10-08T04:58:05.319Z] [INFO] Начинаем обновление слэш-команд (/)
[2024-10-08T04:58:05.756Z] [INFO] Слэш-команды (/) успешно обновлены
[2024-10-08T04:59:24.381Z] [INFO] Загружена команда: afisha
[2024-10-08T04:59:24.382Z] [INFO] Загружено команд: 1
[2024-10-08T04:59:24.384Z] [INFO] Загруженные команды:
[2024-10-08T04:59:24.384Z] [INFO] Начинаем обновление слэш-команд (/)
[2024-10-08T04:59:24.914Z] [INFO] Слэш-команды (/) успешно обновлены
[2024-10-08T04:59:29.525Z] [INFO] Попытка выполнить команду: afisha
[2024-10-08T04:59:29.526Z] [INFO] Доступные команды: afisha
[2024-10-08T05:02:56.269Z] [INFO] Попытка выполнить команду: afisha
[2024-10-08T05:02:56.270Z] [INFO] Доступные команды: afisha
[2024-10-08T05:03:35.549Z] [INFO] Загружена команда: afisha
[2024-10-08T05:03:35.550Z] [INFO] Загружено команд: 1
[2024-10-08T05:03:35.552Z] [INFO] Загруженные команды:
[2024-10-08T05:03:35.554Z] [INFO] Начинаем обновление слэш-команд (/)
[2024-10-08T05:03:35.938Z] [INFO] Слэш-команды (/) успешно обновлены
[2024-10-08T05:03:59.085Z] [INFO] Попытка выполнить команду: afisha
[2024-10-08T05:03:59.086Z] [INFO] Доступные команды: afisha
[2024-10-08T05:04:39.143Z] [INFO] Попытка выполнить команду: afisha
[2024-10-08T05:04:39.144Z] [INFO] Доступные команды: afisha
[2024-10-08T05:05:52.741Z] [INFO] Загружена команда: afisha
[2024-10-08T05:05:52.742Z] [INFO] Загружено команд: 1
[2024-10-08T05:05:52.744Z] [INFO] Загруженные команды:
[2024-10-08T05:05:52.744Z] [INFO] Начинаем обновление слэш-команд (/)
[2024-10-08T05:05:53.187Z] [INFO] Слэш-команды (/) успешно обновлены
[2024-10-08T05:05:57.314Z] [INFO] Попытка выполнить команду: afisha
[2024-10-08T05:05:57.315Z] [INFO] Доступные команды: afisha
[2024-10-08T05:06:21.730Z] [INFO] Загружена команда: afisha
[2024-10-08T05:06:21.732Z] [INFO] Загружено команд: 1
[2024-10-08T05:06:21.732Z] [INFO] Загруженные команды:
[2024-10-08T05:06:21.733Z] [INFO] Начинаем обновление слэш-команд (/)
[2024-10-08T05:06:22.129Z] [INFO] Слэш-команды (/) успешно обновлены
[2024-10-08T05:06:23.927Z] [INFO] Попытка выполнить команду: afisha
[2024-10-08T05:06:23.927Z] [INFO] Доступные команды: afisha
[2024-10-08T05:08:18.361Z] [INFO] Загружена команда: afisha
[2024-10-08T05:08:18.362Z] [INFO] Загружено команд: 1
[2024-10-08T05:08:18.364Z] [INFO] Загруженные команды:
[2024-10-08T05:08:18.365Z] [INFO] Начинаем обновление слэш-команд (/)
[2024-10-08T05:08:18.757Z] [INFO] Слэш-команды (/) успешно обновлены
[2024-10-08T05:08:20.669Z] [INFO] Попытка выполнить команду: afisha
[2024-10-08T05:08:20.670Z] [INFO] Доступные команды: afisha
[2024-10-08T05:08:49.937Z] [INFO] Загружена команда: afisha
[2024-10-08T05:08:49.939Z] [INFO] Загружено команд: 1
[2024-10-08T05:08:49.940Z] [INFO] Загруженные команды:
[2024-10-08T05:08:49.940Z] [INFO] Начинаем обновление слэш-команд (/)
[2024-10-08T05:08:50.410Z] [INFO] Слэш-команды (/) успешно обновлены
[2024-10-08T05:09:25.191Z] [INFO] Загружена команда: afisha
[2024-10-08T05:09:25.193Z] [INFO] Загружено команд: 1
[2024-10-08T05:09:25.194Z] [INFO] Загруженные команды:
[2024-10-08T05:09:25.194Z] [INFO] Начинаем обновление слэш-команд (/)
[2024-10-08T05:09:25.586Z] [INFO] Слэш-команды (/) успешно обновлены
[2024-10-08T05:09:28.056Z] [INFO] Попытка выполнить команду: afisha
[2024-10-08T05:09:28.057Z] [INFO] Доступные команды: afisha
[2024-10-08T05:09:57.949Z] [INFO] Загружена команда: afisha
[2024-10-08T05:09:57.951Z] [INFO] Загружено команд: 1
[2024-10-08T05:09:57.952Z] [INFO] Загруженные команды:
[2024-10-08T05:09:57.953Z] [INFO] Начинаем обновление слэш-команд (/)
[2024-10-08T05:09:58.399Z] [INFO] Слэш-команды (/) успешно обновлены
[2024-10-08T05:10:00.821Z] [INFO] Попытка выполнить команду: afisha
[2024-10-08T05:10:00.821Z] [INFO] Доступные команды: afisha
[2024-10-08T05:10:29.060Z] [INFO] Загружена команда: afisha
[2024-10-08T05:10:29.061Z] [INFO] Загружено команд: 1
[2024-10-08T05:10:29.063Z] [INFO] Загруженные команды:
[2024-10-08T05:10:29.063Z] [INFO] Начинаем обновление слэш-команд (/)
[2024-10-08T05:10:29.515Z] [INFO] Слэш-команды (/) успешно обновлены
[2024-10-08T05:10:33.183Z] [INFO] Попытка выполнить команду: afisha
[2024-10-08T05:10:33.183Z] [INFO] Доступные команды: afisha
[2024-10-08T05:10:44.082Z] [INFO] Попытка выполнить команду: afisha
[2024-10-08T05:10:44.083Z] [INFO] Доступные команды: afisha
[2024-10-08T05:11:46.349Z] [INFO] Загружена команда: afisha
[2024-10-08T05:11:46.351Z] [INFO] Загружено команд: 1
[2024-10-08T05:11:46.352Z] [INFO] Загруженные команды:
[2024-10-08T05:11:46.353Z] [INFO] Начинаем обновление слэш-команд (/)
[2024-10-08T05:11:46.879Z] [INFO] Слэш-команды (/) успешно обновлены
[2024-10-08T05:11:51.384Z] [INFO] Попытка выполнить команду: afisha
[2024-10-08T05:11:51.384Z] [INFO] Доступные команды: afisha
[2024-10-08T05:12:45.865Z] [INFO] Загружена команда: afisha
[2024-10-08T05:12:45.867Z] [INFO] Загружено команд: 1
[2024-10-08T05:12:45.869Z] [INFO] Загруженные команды:
[2024-10-08T05:12:45.870Z] [INFO] Начинаем обновление слэш-команд (/)
[2024-10-08T05:12:46.318Z] [INFO] Слэш-команды (/) успешно обновлены
[2024-10-08T05:12:47.811Z] [INFO] Попытка выполнить команду: afisha
[2024-10-08T05:12:47.811Z] [INFO] Доступные команды: afisha
[2024-10-08T05:13:51.368Z] [INFO] Загружена команда: afisha
[2024-10-08T05:13:51.370Z] [INFO] Загружено команд: 1
[2024-10-08T05:13:51.371Z] [INFO] Загруженные команды:
[2024-10-08T05:13:51.374Z] [INFO] Начинаем обновление слэш-команд (/)
[2024-10-08T05:13:51.784Z] [INFO] Слэш-команды (/) успешно обновлены
[2024-10-08T05:13:55.034Z] [INFO] Попытка выполнить команду: afisha
[2024-10-08T05:13:55.035Z] [INFO] Доступные команды: afisha
[2024-10-08T05:14:33.629Z] [INFO] Загружена команда: afisha
[2024-10-08T05:14:33.630Z] [INFO] Загружено команд: 1
[2024-10-08T05:14:33.631Z] [INFO] Загруженные команды:
[2024-10-08T05:14:33.632Z] [INFO] Начинаем обновление слэш-команд (/)
[2024-10-08T05:14:34.059Z] [INFO] Слэш-команды (/) успешно обновлены
[2024-10-08T05:14:40.239Z] [INFO] Попытка выполнить команду: afisha
[2024-10-08T05:14:40.239Z] [INFO] Доступные команды: afisha
[2024-10-08T05:14:58.302Z] [INFO] Попытка выполнить команду: afisha
[2024-10-08T05:14:58.302Z] [INFO] Доступные команды: afisha
[2024-10-08T05:16:07.272Z] [INFO] Загружена команда: afisha
[2024-10-08T05:16:07.273Z] [INFO] Загружено команд: 1
[2024-10-08T05:16:07.275Z] [INFO] Загруженные команды:
[2024-10-08T05:16:07.275Z] [INFO] Начинаем обновление слэш-команд (/)
[2024-10-08T05:16:09.481Z] [INFO] Загружена команда: afisha
[2024-10-08T05:16:09.482Z] [INFO] Загружено команд: 1
[2024-10-08T05:16:09.484Z] [INFO] Загруженные команды:
[2024-10-08T05:16:09.484Z] [INFO] Начинаем обновление слэш-команд (/)
[2024-10-08T05:16:09.887Z] [INFO] Слэш-команды (/) успешно обновлены
[2024-10-08T05:16:18.962Z] [INFO] Попытка выполнить команду: afisha
[2024-10-08T05:16:18.962Z] [INFO] Доступные команды: afisha
[2024-10-08T05:16:33.023Z] [INFO] Попытка выполнить команду: afisha
[2024-10-08T05:16:33.023Z] [INFO] Доступные команды: afisha
[2024-10-08T05:16:40.990Z] [INFO] Попытка выполнить команду: afisha
[2024-10-08T05:16:40.990Z] [INFO] Доступные команды: afisha
[2024-10-08T05:17:29.244Z] [INFO] Загружена команда: afisha
[2024-10-08T05:17:29.245Z] [INFO] Загружено команд: 1
[2024-10-08T05:17:29.247Z] [INFO] Загруженные команды:
[2024-10-08T05:17:29.248Z] [INFO] Начинаем обновление слэш-команд (/)
[2024-10-08T05:17:29.694Z] [INFO] Слэш-команды (/) успешно обновлены
[2024-10-08T05:17:31.242Z] [INFO] Попытка выполнить команду: afisha
[2024-10-08T05:17:31.242Z] [INFO] Доступные команды: afisha
[2024-10-08T05:17:43.377Z] [INFO] Попытка выполнить команду: afisha
[2024-10-08T05:17:43.378Z] [INFO] Доступные команды: afisha
[2024-10-08T05:19:27.577Z] [INFO] Загружена команда: afisha
[2024-10-08T05:19:27.579Z] [INFO] Загружено команд: 1
[2024-10-08T05:19:27.580Z] [INFO] Загруженные команды:
[2024-10-08T05:19:27.581Z] [INFO] Начинаем обновление слэш-команд (/)
[2024-10-08T05:19:28.010Z] [INFO] Слэш-команды (/) успешно обновлены
[2024-10-08T05:19:37.196Z] [INFO] Загружена команда: afisha
[2024-10-08T05:19:37.198Z] [INFO] Загружено команд: 1
[2024-10-08T05:19:37.200Z] [INFO] Загруженные команды:
[2024-10-08T05:19:37.200Z] [INFO] Начинаем обновление слэш-команд (/)
[2024-10-08T05:19:37.604Z] [INFO] Слэш-команды (/) успешно обновлены
[2024-10-08T05:19:41.490Z] [INFO] Попытка выполнить команду: afisha
[2024-10-08T05:19:41.491Z] [INFO] Доступные команды: afisha
[2024-10-08T05:19:58.548Z] [INFO] Загружена команда: afisha
[2024-10-08T05:19:58.550Z] [INFO] Загружено команд: 1
[2024-10-08T05:19:58.552Z] [INFO] Загруженные команды:
[2024-10-08T05:19:58.554Z] [INFO] Начинаем обновление слэш-команд (/)
[2024-10-08T05:19:58.967Z] [INFO] Слэш-команды (/) успешно обновлены
[2024-10-08T05:20:07.419Z] [INFO] Попытка выполнить команду: afisha
[2024-10-08T05:20:07.419Z] [INFO] Доступные команды: afisha
[2024-10-08T05:20:26.899Z] [INFO] Попытка выполнить команду: afisha
[2024-10-08T05:20:26.899Z] [INFO] Доступные команды: afisha
[2024-10-08T05:23:02.009Z] [INFO] Загружен modals: animeModal
[2024-10-08T05:23:18.440Z] [INFO] Загружен modals: animeModal
[2024-10-08T05:23:18.444Z] [INFO] Загружен modals: kinoModal
[2024-10-08T05:24:12.454Z] [INFO] Загружен modals: animeModal
[2024-10-08T05:24:12.458Z] [INFO] Загружен modals: kinoModal
[2024-10-08T05:24:12.518Z] [INFO] Загружена команда: afisha
[2024-10-08T05:24:12.518Z] [INFO] Загружено команд: 1
[2024-10-08T05:24:12.520Z] [INFO] Загруженные команды:
[2024-10-08T05:24:12.521Z] [INFO] Начинаем обновление слэш-команд (/)
[2024-10-08T05:24:12.929Z] [INFO] Слэш-команды (/) успешно обновлены
[2024-10-08T05:25:37.721Z] [INFO] Загружен modals: animeModal
[2024-10-08T05:25:37.726Z] [INFO] Загружен modals: kinoModal
[2024-10-08T05:25:37.785Z] [INFO] Загружена команда: afisha
[2024-10-08T05:25:37.786Z] [INFO] Загружено команд: 1
[2024-10-08T05:25:37.787Z] [INFO] Загруженные команды:
[2024-10-08T05:25:37.788Z] [INFO] Начинаем обновление слэш-команд (/)
[2024-10-08T05:25:38.171Z] [INFO] Слэш-команды (/) успешно обновлены
[2024-10-08T05:25:41.884Z] [INFO] Попытка выполнить команду: afisha
[2024-10-08T05:25:41.885Z] [INFO] Доступные команды: afisha
[2024-10-08T05:26:21.088Z] [INFO] Попытка выполнить команду: afisha
[2024-10-08T05:26:21.089Z] [INFO] Доступные команды: afisha
[2024-10-08T05:26:33.724Z] [INFO] Попытка выполнить команду: afisha
[2024-10-08T05:26:33.725Z] [INFO] Доступные команды: afisha
[2024-10-08T05:29:05.166Z] [INFO] Загружен modals: animeModal
[2024-10-08T05:29:05.170Z] [INFO] Загружен modals: kinoModal
[2024-10-08T05:29:05.232Z] [INFO] Загружена команда: afisha
[2024-10-08T05:29:05.232Z] [INFO] Загружено команд: 1
[2024-10-08T05:29:05.234Z] [INFO] Загруженные команды:
[2024-10-08T05:29:05.235Z] [INFO] Начинаем обновление слэш-команд (/)
[2024-10-08T05:29:05.626Z] [INFO] Слэш-команды (/) успешно обновлены
[2024-10-08T05:29:14.300Z] [INFO] Попытка выполнить команду: afisha
[2024-10-08T05:29:14.300Z] [INFO] Доступные команды: afisha
[2024-10-08T05:29:27.448Z] [INFO] Загружен modals: animeModal
[2024-10-08T05:29:27.452Z] [INFO] Загружен modals: kinoModal
[2024-10-08T05:29:27.517Z] [INFO] Загружена команда: afisha
[2024-10-08T05:29:27.517Z] [INFO] Загружено команд: 1
[2024-10-08T05:29:27.519Z] [INFO] Загруженные команды:
[2024-10-08T05:29:27.521Z] [INFO] Начинаем обновление слэш-команд (/)
[2024-10-08T05:29:27.918Z] [INFO] Слэш-команды (/) успешно обновлены
[2024-10-08T05:29:30.138Z] [INFO] Попытка выполнить команду: afisha
[2024-10-08T05:29:30.138Z] [INFO] Доступные команды: afisha
[2024-10-08T05:29:42.164Z] [INFO] Загружен modals: animeModal
[2024-10-08T05:29:42.168Z] [INFO] Загружен modals: kinoModal
[2024-10-08T05:29:42.228Z] [INFO] Загружена команда: afisha
[2024-10-08T05:29:42.228Z] [INFO] Загружено команд: 1
[2024-10-08T05:29:42.229Z] [INFO] Загруженные команды:
[2024-10-08T05:29:42.230Z] [INFO] Начинаем обновление слэш-команд (/)
[2024-10-08T05:29:42.606Z] [INFO] Слэш-команды (/) успешно обновлены
[2024-10-08T05:29:44.321Z] [INFO] Попытка выполнить команду: afisha
[2024-10-08T05:29:44.322Z] [INFO] Доступные команды: afisha
[2024-10-08T05:31:29.730Z] [INFO] Загружен modals: animeModal
[2024-10-08T05:31:29.734Z] [INFO] Загружен modals: kinoModal
[2024-10-08T05:31:29.792Z] [INFO] Загружена команда: afisha
[2024-10-08T05:31:29.793Z] [INFO] Загружено команд: 1
[2024-10-08T05:31:29.794Z] [INFO] Загруженные команды:
[2024-10-08T05:31:29.795Z] [INFO] Начинаем обновление слэш-команд (/)
[2024-10-08T05:31:30.175Z] [INFO] Слэш-команды (/) успешно обновлены
[2024-10-08T05:31:32.220Z] [INFO] Попытка выполнить команду: afisha
[2024-10-08T05:31:32.221Z] [INFO] Доступные команды: afisha
[2024-10-08T05:31:54.624Z] [INFO] Загружен modals: animeModal
[2024-10-08T05:31:54.629Z] [INFO] Загружен modals: kinoModal
[2024-10-08T05:31:54.687Z] [INFO] Загружена команда: afisha
[2024-10-08T05:31:54.687Z] [INFO] Загружено команд: 1
[2024-10-08T05:31:54.689Z] [INFO] Загруженные команды:
[2024-10-08T05:31:54.689Z] [INFO] Начинаем обновление слэш-команд (/)
[2024-10-08T05:31:55.107Z] [INFO] Слэш-команды (/) успешно обновлены
[2024-10-08T05:31:58.716Z] [INFO] Попытка выполнить команду: afisha
[2024-10-08T05:31:58.716Z] [INFO] Доступные команды: afisha
[2024-10-08T05:32:23.190Z] [INFO] Загружен modals: animeModal
[2024-10-08T05:32:23.195Z] [INFO] Загружен modals: kinoModal
[2024-10-08T05:32:23.256Z] [INFO] Загружена команда: afisha
[2024-10-08T05:32:23.256Z] [INFO] Загружено команд: 1
[2024-10-08T05:32:23.258Z] [INFO] Загруженные команды:
[2024-10-08T05:32:23.258Z] [INFO] Начинаем обновление слэш-команд (/)
[2024-10-08T05:32:23.640Z] [INFO] Слэш-команды (/) успешно обновлены
[2024-10-08T05:32:32.700Z] [INFO] Попытка выполнить команду: afisha
[2024-10-08T05:32:32.700Z] [INFO] Доступные команды: afisha
[2024-10-08T05:33:12.561Z] [INFO] Загружен modals: animeModal
[2024-10-08T05:33:12.565Z] [INFO] Загружен modals: kinoModal
[2024-10-08T05:33:12.623Z] [INFO] Загружена команда: afisha
[2024-10-08T05:33:12.624Z] [INFO] Загружено команд: 1
[2024-10-08T05:33:12.625Z] [INFO] Загруженные команды:
[2024-10-08T05:33:12.625Z] [INFO] Начинаем обновление слэш-команд (/)
[2024-10-08T05:33:13.014Z] [INFO] Слэш-команды (/) успешно обновлены
[2024-10-08T05:33:38.065Z] [INFO] Загружен modals: animeModal
[2024-10-08T05:33:38.069Z] [INFO] Загружен modals: kinoModal
[2024-10-08T05:33:38.129Z] [INFO] Загружена команда: afisha
[2024-10-08T05:33:38.129Z] [INFO] Загружено команд: 1
[2024-10-08T05:33:38.131Z] [INFO] Загруженные команды:
[2024-10-08T05:33:38.132Z] [INFO] Начинаем обновление слэш-команд (/)
[2024-10-08T05:33:38.512Z] [INFO] Слэш-команды (/) успешно обновлены
[2024-10-08T05:33:42.660Z] [INFO] Попытка выполнить команду: afisha
[2024-10-08T05:33:42.660Z] [INFO] Доступные команды: afisha
[2024-10-08T05:34:30.212Z] [INFO] Попытка выполнить команду: afisha
[2024-10-08T05:34:30.213Z] [INFO] Доступные команды: afisha
[2024-10-08T05:35:53.073Z] [INFO] Загружен modals: animeModal
[2024-10-08T05:35:53.077Z] [INFO] Загружен modals: kinoModal
[2024-10-08T05:35:53.138Z] [INFO] Загружена команда: afisha
[2024-10-08T05:35:53.138Z] [INFO] Загружено команд: 1
[2024-10-08T05:35:53.139Z] [INFO] Загруженные команды:
[2024-10-08T05:35:53.140Z] [INFO] Начинаем обновление слэш-команд (/)
[2024-10-08T05:35:53.930Z] [INFO] Слэш-команды (/) успешно обновлены
[2024-10-08T05:36:24.742Z] [INFO] Загружен modals: kinoModal
[2024-10-08T05:36:24.747Z] [INFO] Загружен modals: kinoModal
[2024-10-08T05:36:24.805Z] [INFO] Загружена команда: afisha
[2024-10-08T05:36:24.805Z] [INFO] Загружено команд: 1
[2024-10-08T05:36:24.806Z] [INFO] Загруженные команды:
[2024-10-08T05:36:24.807Z] [INFO] Начинаем обновление слэш-команд (/)
[2024-10-08T05:36:25.196Z] [INFO] Слэш-команды (/) успешно обновлены
[2024-10-08T05:36:50.700Z] [INFO] Попытка выполнить команду: afisha
[2024-10-08T05:36:50.700Z] [INFO] Доступные команды: afisha
[2024-10-08T05:37:21.269Z] [INFO] Попытка выполнить команду: afisha
[2024-10-08T05:37:21.269Z] [INFO] Доступные команды: afisha
[2024-10-08T05:37:36.765Z] [INFO] Попытка выполнить команду: afisha
[2024-10-08T05:37:36.765Z] [INFO] Доступные команды: afisha
[2024-10-08T05:44:23.058Z] [INFO] Загружен modals: kinoModal
[2024-10-08T05:44:23.062Z] [INFO] Загружен modals: kinoModal
[2024-10-08T05:44:23.120Z] [INFO] Загружена команда: afisha
[2024-10-08T05:44:23.121Z] [INFO] Загружено команд: 1
[2024-10-08T05:44:23.122Z] [INFO] Загруженные команды:
[2024-10-08T05:44:23.122Z] [INFO] Начинаем обновление слэш-команд (/)
[2024-10-08T05:44:25.564Z] [INFO] Загружен modals: kinoModal
[2024-10-08T05:44:25.568Z] [INFO] Загружен modals: kinoModal
[2024-10-08T05:44:25.629Z] [INFO] Загружена команда: afisha
[2024-10-08T05:44:25.629Z] [INFO] Загружено команд: 1
[2024-10-08T05:44:25.630Z] [INFO] Загруженные команды:
[2024-10-08T05:44:25.631Z] [INFO] Начинаем обновление слэш-команд (/)
[2024-10-08T05:45:07.206Z] [INFO] Загружен modals: kinoModal
[2024-10-08T05:45:07.210Z] [INFO] Загружен modals: kinoModal
[2024-10-08T05:45:07.269Z] [INFO] Загружена команда: afisha
[2024-10-08T05:45:07.269Z] [INFO] Загружено команд: 1
[2024-10-08T05:45:07.271Z] [INFO] Загруженные команды:
[2024-10-08T05:45:07.271Z] [INFO] Начинаем обновление слэш-команд (/)
[2024-10-08T05:45:07.669Z] [INFO] Слэш-команды (/) успешно обновлены
[2024-10-08T05:45:37.505Z] [INFO] Загружен modals: kinoModal
[2024-10-08T05:45:37.510Z] [INFO] Загружен modals: kinoModal
[2024-10-08T05:45:37.568Z] [INFO] Загружена команда: afisha
[2024-10-08T05:45:37.568Z] [INFO] Загружено команд: 1
[2024-10-08T05:45:37.569Z] [INFO] Загруженные команды:
[2024-10-08T05:45:37.570Z] [INFO] Начинаем обновление слэш-команд (/)
[2024-10-08T05:45:37.981Z] [INFO] Слэш-команды (/) успешно обновлены
[2024-10-08T05:46:17.348Z] [INFO] Загружен modals: kinoModal
[2024-10-08T05:46:17.352Z] [INFO] Загружен modals: kinoModal
[2024-10-08T05:46:17.411Z] [INFO] Загружена команда: afisha
[2024-10-08T05:46:17.412Z] [INFO] Загружено команд: 1
[2024-10-08T05:46:17.413Z] [INFO] Загруженные команды:
[2024-10-08T05:46:17.414Z] [INFO] Начинаем обновление слэш-команд (/)
[2024-10-08T05:46:17.807Z] [INFO] Слэш-команды (/) успешно обновлены
[2024-10-08T05:46:28.537Z] [INFO] Загружен modals: kinoModal
[2024-10-08T05:46:28.541Z] [INFO] Загружен modals: kinoModal
[2024-10-08T05:46:28.602Z] [INFO] Загружена команда: afisha
[2024-10-08T05:46:28.602Z] [INFO] Загружено команд: 1
[2024-10-08T05:46:28.603Z] [INFO] Загруженные команды:
[2024-10-08T05:46:28.604Z] [INFO] Начинаем обновление слэш-команд (/)
[2024-10-08T05:46:28.986Z] [INFO] Слэш-команды (/) успешно обновлены
[2024-10-08T05:46:36.085Z] [INFO] Загружен modals: kinoModal
[2024-10-08T05:46:36.089Z] [INFO] Загружен modals: kinoModal
[2024-10-08T05:46:36.149Z] [INFO] Загружена команда: afisha
[2024-10-08T05:46:36.149Z] [INFO] Загружено команд: 1
[2024-10-08T05:46:36.150Z] [INFO] Загруженные команды:
[2024-10-08T05:46:36.151Z] [INFO] Начинаем обновление слэш-команд (/)
[2024-10-08T05:47:02.637Z] [INFO] Загружен modals: animeModal
[2024-10-08T05:47:02.641Z] [INFO] Загружен modals: kinoModal
[2024-10-08T05:47:02.699Z] [INFO] Загружена команда: afisha
[2024-10-08T05:47:02.700Z] [INFO] Загружено команд: 1
[2024-10-08T05:47:02.701Z] [INFO] Загруженные команды:
[2024-10-08T05:47:02.702Z] [INFO] Начинаем обновление слэш-команд (/)
[2024-10-08T05:47:03.121Z] [INFO] Слэш-команды (/) успешно обновлены
[2024-10-08T05:47:10.267Z] [INFO] Загружен modals: animeModal
[2024-10-08T05:47:10.272Z] [INFO] Загружен modals: kinoModal
[2024-10-08T05:47:10.330Z] [INFO] Загружена команда: afisha
[2024-10-08T05:47:10.330Z] [INFO] Загружено команд: 1
[2024-10-08T05:47:10.332Z] [INFO] Загруженные команды:
[2024-10-08T05:47:10.332Z] [INFO] Начинаем обновление слэш-команд (/)
[2024-10-08T05:47:16.252Z] [INFO] Загружен modals: animeModal
[2024-10-08T05:47:16.256Z] [INFO] Загружен modals: kinoModal
[2024-10-08T05:47:16.315Z] [INFO] Загружена команда: afisha
[2024-10-08T05:47:16.315Z] [INFO] Загружено команд: 1
[2024-10-08T05:47:16.316Z] [INFO] Загруженные команды:
[2024-10-08T05:47:16.317Z] [INFO] Начинаем обновление слэш-команд (/)
[2024-10-08T05:47:34.467Z] [INFO] Загружен modals: animeModal
[2024-10-08T05:47:34.471Z] [INFO] Загружен modals: kinoModal
[2024-10-08T05:47:34.529Z] [INFO] Загружена команда: afisha
[2024-10-08T05:47:34.530Z] [INFO] Загружено команд: 1
[2024-10-08T05:47:34.531Z] [INFO] Загруженные команды:
[2024-10-08T05:47:34.531Z] [INFO] Начинаем обновление слэш-команд (/)
[2024-10-08T05:47:34.912Z] [INFO] Слэш-команды (/) успешно обновлены
[2024-10-08T05:47:46.298Z] [INFO] Загружен modals: animeModal
[2024-10-08T05:47:46.303Z] [INFO] Загружен modals: kinoModal
[2024-10-08T05:47:46.363Z] [INFO] Загружена команда: afisha
[2024-10-08T05:47:46.364Z] [INFO] Загружено команд: 1
[2024-10-08T05:47:46.365Z] [INFO] Загруженные команды:
[2024-10-08T05:47:46.366Z] [INFO] Начинаем обновление слэш-команд (/)
[2024-10-08T05:47:52.870Z] [INFO] Попытка выполнить команду: afisha
[2024-10-08T05:47:52.870Z] [INFO] Доступные команды: afisha
[2024-10-08T05:48:12.231Z] [INFO] Загружен modals: animeModal
[2024-10-08T05:48:12.235Z] [INFO] Загружен modals: kinoModal
[2024-10-08T05:48:12.293Z] [INFO] Загружена команда: afisha
[2024-10-08T05:48:12.294Z] [INFO] Загружено команд: 1
[2024-10-08T05:48:12.295Z] [INFO] Загруженные команды:
[2024-10-08T05:48:12.296Z] [INFO] Начинаем обновление слэш-команд (/)
[2024-10-08T05:48:12.700Z] [INFO] Слэш-команды (/) успешно обновлены
[2024-10-08T05:48:19.145Z] [INFO] Попытка выполнить команду: afisha
[2024-10-08T05:48:19.146Z] [INFO] Доступные команды: afisha
[2024-10-08T05:48:58.840Z] [INFO] Загружен modals: animeModal
[2024-10-08T05:48:58.844Z] [INFO] Загружен modals: kinoModal
[2024-10-08T05:48:58.903Z] [INFO] Загружена команда: afisha
[2024-10-08T05:48:58.903Z] [INFO] Загружено команд: 1
[2024-10-08T05:48:58.905Z] [INFO] Загруженные команды:
[2024-10-08T05:48:58.906Z] [INFO] Начинаем обновление слэш-команд (/)
[2024-10-08T05:48:59.327Z] [INFO] Слэш-команды (/) успешно обновлены
[2024-10-08T05:49:56.702Z] [INFO] Загружен modals: animeModal
[2024-10-08T05:49:56.707Z] [INFO] Загружен modals: kinoModal
[2024-10-08T05:49:56.766Z] [INFO] Загружена команда: afisha
[2024-10-08T05:49:56.767Z] [INFO] Загружено команд: 1
[2024-10-08T05:49:56.769Z] [INFO] Загруженные команды:
[2024-10-08T05:49:56.769Z] [INFO] Начинаем обновление слэш-команд (/)
[2024-10-08T05:49:57.721Z] [INFO] Загружен modals: animeModal
[2024-10-08T05:49:57.725Z] [INFO] Загружен modals: kinoModal
[2024-10-08T05:49:57.784Z] [INFO] Загружена команда: afisha
[2024-10-08T05:49:57.784Z] [INFO] Загружено команд: 1
[2024-10-08T05:49:57.786Z] [INFO] Загруженные команды:
[2024-10-08T05:49:57.786Z] [INFO] Начинаем обновление слэш-команд (/)
[2024-10-08T05:49:58.172Z] [INFO] Слэш-команды (/) успешно обновлены
[2024-10-08T05:50:16.522Z] [INFO] Загружен modals: animeModal
[2024-10-08T05:50:16.527Z] [INFO] Загружен modals: kinoModal
[2024-10-08T05:50:16.586Z] [INFO] Загружена команда: afisha
[2024-10-08T05:50:16.586Z] [INFO] Загружено команд: 1
[2024-10-08T05:50:16.588Z] [INFO] Загруженные команды:
[2024-10-08T05:50:16.589Z] [INFO] Начинаем обновление слэш-команд (/)
[2024-10-08T05:50:16.984Z] [INFO] Слэш-команды (/) успешно обновлены
[2024-10-08T05:50:19.520Z] [INFO] Загружен modals: animeModal
[2024-10-08T05:50:19.524Z] [INFO] Загружен modals: kinoModal
[2024-10-08T05:50:19.584Z] [INFO] Загружена команда: afisha
[2024-10-08T05:50:19.584Z] [INFO] Загружено команд: 1
[2024-10-08T05:50:19.585Z] [INFO] Загруженные команды:
[2024-10-08T05:50:19.586Z] [INFO] Начинаем обновление слэш-команд (/)
[2024-10-08T05:50:34.376Z] [INFO] Загружен modals: animeModal
[2024-10-08T05:50:34.380Z] [INFO] Загружен modals: kinoModal
[2024-10-08T05:50:34.440Z] [INFO] Загружена команда: afisha
[2024-10-08T05:50:34.441Z] [INFO] Загружено команд: 1
[2024-10-08T05:50:34.443Z] [INFO] Загруженные команды:
[2024-10-08T05:50:34.444Z] [INFO] Начинаем обновление слэш-команд (/)
[2024-10-08T05:50:34.839Z] [INFO] Слэш-команды (/) успешно обновлены
[2024-10-08T05:50:46.586Z] [INFO] Загружен modals: animeModal
[2024-10-08T05:50:46.590Z] [INFO] Загружен modals: kinoModal
[2024-10-08T05:50:46.648Z] [INFO] Загружена команда: afisha
[2024-10-08T05:50:46.648Z] [INFO] Загружено команд: 1
[2024-10-08T05:50:46.651Z] [INFO] Загруженные команды:
[2024-10-08T05:50:46.652Z] [INFO] Начинаем обновление слэш-команд (/)
[2024-10-08T05:51:18.126Z] [INFO] Загружен modals: animeModal
[2024-10-08T05:51:18.130Z] [INFO] Загружен modals: kinoModal
[2024-10-08T05:51:18.188Z] [INFO] Загружена команда: afisha
[2024-10-08T05:51:18.189Z] [INFO] Загружено команд: 1
[2024-10-08T05:51:18.190Z] [INFO] Загруженные команды:
[2024-10-08T05:51:18.190Z] [INFO] Начинаем обновление слэш-команд (/)
[2024-10-08T05:51:18.562Z] [INFO] Слэш-команды (/) успешно обновлены
[2024-10-08T05:51:23.185Z] [INFO] Загружен modals: animeModal
[2024-10-08T05:51:23.189Z] [INFO] Загружен modals: kinoModal
[2024-10-08T05:51:23.249Z] [INFO] Загружена команда: afisha
[2024-10-08T05:51:23.249Z] [INFO] Загружено команд: 1
[2024-10-08T05:51:23.251Z] [INFO] Загруженные команды:
[2024-10-08T05:51:23.252Z] [INFO] Начинаем обновление слэш-команд (/)
[2024-10-08T05:51:30.717Z] [INFO] Загружен modals: animeModal
[2024-10-08T05:51:30.722Z] [INFO] Загружен modals: kinoModal
[2024-10-08T05:51:30.786Z] [INFO] Загружена команда: afisha
[2024-10-08T05:51:30.786Z] [INFO] Загружено команд: 1
[2024-10-08T05:51:30.788Z] [INFO] Загруженные команды:
[2024-10-08T05:51:30.789Z] [INFO] Начинаем обновление слэш-команд (/)
[2024-10-08T05:51:31.203Z] [INFO] Слэш-команды (/) успешно обновлены
[2024-10-08T05:52:22.177Z] [INFO] Загружен modals: animeModal
[2024-10-08T05:52:22.181Z] [INFO] Загружен modals: kinoModal
[2024-10-08T05:52:22.241Z] [INFO] Загружена команда: afisha
[2024-10-08T05:52:22.241Z] [INFO] Загружено команд: 1
[2024-10-08T05:52:22.243Z] [INFO] Загруженные команды:
[2024-10-08T05:52:22.244Z] [INFO] Начинаем обновление слэш-команд (/)
[2024-10-08T05:52:22.646Z] [INFO] Слэш-команды (/) успешно обновлены
[2024-10-08T05:52:44.156Z] [INFO] Загружен modals: animeModal
[2024-10-08T05:52:44.160Z] [INFO] Загружен modals: kinoModal
[2024-10-08T05:52:44.220Z] [INFO] Загружена команда: afisha
[2024-10-08T05:52:44.221Z] [INFO] Загружено команд: 1
[2024-10-08T05:52:44.222Z] [INFO] Загруженные команды:
[2024-10-08T05:52:44.222Z] [INFO] Начинаем обновление слэш-команд (/)
[2024-10-08T05:52:44.645Z] [INFO] Слэш-команды (/) успешно обновлены
[2024-10-08T05:52:49.023Z] [INFO] Загружен modals: animeModal
[2024-10-08T05:52:49.027Z] [INFO] Загружен modals: kinoModal
[2024-10-08T05:52:49.087Z] [INFO] Загружена команда: afisha
[2024-10-08T05:52:49.088Z] [INFO] Загружено команд: 1
[2024-10-08T05:52:49.090Z] [INFO] Загруженные команды:
[2024-10-08T05:52:49.090Z] [INFO] Начинаем обновление слэш-команд (/)
[2024-10-08T05:53:09.834Z] [INFO] Попытка выполнить команду: afisha
[2024-10-08T05:53:09.834Z] [INFO] Доступные команды: afisha
[2024-10-08T05:53:28.543Z] [INFO] Слэш-команды (/) успешно обновлены
[2024-10-08T05:54:23.912Z] [INFO] Попытка выполнить команду: afisha
[2024-10-08T05:54:23.913Z] [INFO] Доступные команды: afisha
[2024-10-08T05:57:43.497Z] [INFO] Загружен modals: animeModal
[2024-10-08T05:57:43.502Z] [INFO] Загружен modals: kinoModal
[2024-10-08T05:57:43.562Z] [INFO] Загружена команда: afisha
[2024-10-08T05:57:43.562Z] [INFO] Загружено команд: 1
[2024-10-08T05:57:43.563Z] [INFO] Загруженные команды:
[2024-10-08T05:57:43.564Z] [INFO] Начинаем обновление слэш-команд (/)
[2024-10-08T05:57:44.001Z] [INFO] Слэш-команды (/) успешно обновлены
[2024-10-15T07:24:37.323Z] [INFO] Загружен modals: animeModal
[2024-10-15T07:24:37.328Z] [INFO] Загружен modals: kinoModal
[2024-10-15T07:24:55.734Z] [INFO] Загружен modals: animeModal
[2024-10-15T07:24:55.739Z] [INFO] Загружен modals: kinoModal
[2024-10-15T07:24:59.646Z] [INFO] Загружен modals: animeModal
[2024-10-15T07:24:59.652Z] [INFO] Загружен modals: kinoModal
[2024-10-15T07:25:09.310Z] [INFO] Загружен modals: animeModal
[2024-10-15T07:25:09.315Z] [INFO] Загружен modals: kinoModal
[2024-10-15T07:25:09.412Z] [INFO] Загружено команд: 0
[2024-10-15T07:25:09.413Z] [INFO] Загруженные команды:
[2024-10-15T07:25:09.414Z] [INFO] Начинаем обновление слэш-команд (/)
[2024-10-15T07:25:09.883Z] [INFO] Слэш-команды (/) успешно обновлены
[2024-10-15T07:25:24.619Z] [INFO] Загружен modals: animeModal
[2024-10-15T07:25:24.624Z] [INFO] Загружен modals: kinoModal
[2024-10-15T07:25:24.721Z] [INFO] Загружено команд: 0
[2024-10-15T07:25:24.722Z] [INFO] Загруженные команды:
[2024-10-15T07:25:24.722Z] [INFO] Начинаем обновление слэш-команд (/)
[2024-10-15T07:25:25.135Z] [INFO] Слэш-команды (/) успешно обновлены
[2024-10-15T07:25:41.632Z] [INFO] Загружен modals: animeModal
[2024-10-15T07:25:41.637Z] [INFO] Загружен modals: kinoModal
[2024-10-15T07:25:41.733Z] [INFO] Загружено команд: 0
[2024-10-15T07:25:41.734Z] [INFO] Загруженные команды:
[2024-10-15T07:25:41.734Z] [INFO] Начинаем обновление слэш-команд (/)
[2024-10-15T07:25:42.107Z] [INFO] Слэш-команды (/) успешно обновлены
[2024-10-15T07:26:01.401Z] [INFO] Загружен modals: animeModal
[2024-10-15T07:26:01.407Z] [INFO] Загружен modals: kinoModal
[2024-10-15T07:26:01.521Z] [INFO] Загружено команд: 0
[2024-10-15T07:26:01.522Z] [INFO] Загруженные команды:
[2024-10-15T07:26:01.523Z] [INFO] Начинаем обновление слэш-команд (/)
[2024-10-15T07:26:40.283Z] [INFO] Слэш-команды (/) успешно обновлены
[2024-10-15T07:27:20.826Z] [INFO] Загружено команд: 0
[2024-10-15T07:27:20.828Z] [INFO] Загруженные команды:
[2024-10-15T07:27:20.829Z] [INFO] Начинаем обновление слэш-команд (/)
[2024-10-15T07:27:21.247Z] [INFO] Слэш-команды (/) успешно обновлены
[2024-10-15T07:27:30.241Z] [INFO] Загружен modals: requestRoleModal
[2024-10-15T07:27:30.343Z] [INFO] Загружено команд: 0
[2024-10-15T07:27:30.344Z] [INFO] Загруженные команды:
[2024-10-15T07:27:30.344Z] [INFO] Начинаем обновление слэш-команд (/)
[2024-10-15T07:27:30.788Z] [INFO] Слэш-команды (/) успешно обновлены
[2024-10-15T07:27:46.813Z] [INFO] Загружен modals: requestRoleModal
[2024-10-15T07:27:50.561Z] [INFO] Загружен modals: requestRoleModal
[2024-10-15T07:28:00.629Z] [INFO] Загружен modals: requestRoleModal
[2024-10-15T07:28:00.729Z] [INFO] Загружено команд: 0
[2024-10-15T07:28:00.729Z] [INFO] Загруженные команды:
[2024-10-15T07:28:00.730Z] [INFO] Начинаем обновление слэш-команд (/)
[2024-10-15T07:28:01.156Z] [INFO] Слэш-команды (/) успешно обновлены
[2024-10-15T07:28:34.341Z] [INFO] Загружен modals: requestRoleModal
[2024-10-15T07:28:34.452Z] [INFO] Загружено команд: 0
[2024-10-15T07:28:34.453Z] [INFO] Загруженные команды:
[2024-10-15T07:28:34.453Z] [INFO] Начинаем обновление слэш-команд (/)
[2024-10-15T07:28:34.837Z] [INFO] Слэш-команды (/) успешно обновлены
[2024-10-15T07:29:07.599Z] [INFO] Загружен modals: requestRoleModal
[2024-10-15T07:29:07.706Z] [INFO] Загружено команд: 0
[2024-10-15T07:29:07.707Z] [INFO] Загруженные команды:
[2024-10-15T07:29:07.707Z] [INFO] Начинаем обновление слэш-команд (/)
[2024-10-15T07:29:08.143Z] [INFO] Слэш-команды (/) успешно обновлены
[2024-10-15T07:29:39.365Z] [INFO] Загружен modals: requestRoleModal
[2024-10-15T07:29:39.464Z] [INFO] Загружено команд: 0
[2024-10-15T07:29:39.464Z] [INFO] Загруженные команды:
[2024-10-15T07:29:39.465Z] [INFO] Начинаем обновление слэш-команд (/)
[2024-10-15T07:29:39.873Z] [INFO] Слэш-команды (/) успешно обновлены
[2024-10-15T07:29:53.119Z] [INFO] Загружен modals: requestRoleModal
[2024-10-15T07:29:53.223Z] [INFO] Загружено команд: 0
[2024-10-15T07:29:53.224Z] [INFO] Загруженные команды:
[2024-10-15T07:29:53.224Z] [INFO] Начинаем обновление слэш-команд (/)
[2024-10-15T07:29:53.712Z] [INFO] Слэш-команды (/) успешно обновлены
[2024-10-15T07:30:45.526Z] [INFO] Загружен modals: requestRoleModal
[2024-10-15T07:30:45.633Z] [INFO] Загружено команд: 0
[2024-10-15T07:30:45.634Z] [INFO] Загруженные команды:
[2024-10-15T07:30:45.634Z] [INFO] Начинаем обновление слэш-команд (/)
[2024-10-15T07:30:46.030Z] [INFO] Слэш-команды (/) успешно обновлены
[2024-10-15T07:31:15.905Z] [INFO] Загружен modals: requestRoleModal
[2024-10-15T07:31:16.007Z] [INFO] Загружено команд: 0
[2024-10-15T07:31:16.008Z] [INFO] Загруженные команды:
[2024-10-15T07:31:16.008Z] [INFO] Начинаем обновление слэш-команд (/)
[2024-10-15T07:31:16.556Z] [INFO] Слэш-команды (/) успешно обновлены
[2024-10-15T07:31:45.667Z] [INFO] Загружен modals: requestRoleModal
[2024-10-15T07:31:45.768Z] [INFO] Загружено команд: 0
[2024-10-15T07:31:45.768Z] [INFO] Загруженные команды:
[2024-10-15T07:31:45.769Z] [INFO] Начинаем обновление слэш-команд (/)
[2024-10-15T07:31:46.183Z] [INFO] Слэш-команды (/) успешно обновлены
[2024-10-15T07:32:03.117Z] [INFO] Загружен modals: requestRoleModal
[2024-10-15T07:32:03.228Z] [INFO] Загружено команд: 0
[2024-10-15T07:32:03.228Z] [INFO] Загруженные команды:
[2024-10-15T07:32:03.229Z] [INFO] Начинаем обновление слэш-команд (/)
[2024-10-15T07:32:03.669Z] [INFO] Слэш-команды (/) успешно обновлены
[2024-10-15T07:32:17.008Z] [INFO] Загружен modals: requestRoleModal
[2024-10-15T07:32:17.110Z] [INFO] Загружено команд: 0
[2024-10-15T07:32:17.111Z] [INFO] Загруженные команды:
[2024-10-15T07:32:17.111Z] [INFO] Начинаем обновление слэш-команд (/)
[2024-10-15T07:32:20.707Z] [INFO] Загружен modals: requestRoleModal
[2024-10-15T07:32:20.805Z] [INFO] Загружено команд: 0
[2024-10-15T07:32:20.805Z] [INFO] Загруженные команды:
[2024-10-15T07:32:20.806Z] [INFO] Начинаем обновление слэш-команд (/)
[2024-10-15T07:32:50.454Z] [INFO] Загружен modals: requestRoleModal
[2024-10-15T07:32:50.570Z] [INFO] Загружено команд: 0
[2024-10-15T07:32:50.570Z] [INFO] Загруженные команды:
[2024-10-15T07:32:50.571Z] [INFO] Начинаем обновление слэш-команд (/)
[2024-10-15T07:32:50.995Z] [INFO] Слэш-команды (/) успешно обновлены
[2024-10-15T07:33:43.988Z] [INFO] Загружен modals: requestRoleModal
[2024-10-15T07:33:44.088Z] [INFO] Загружено команд: 0
[2024-10-15T07:33:44.088Z] [INFO] Загруженные команды:
[2024-10-15T07:33:44.089Z] [INFO] Начинаем обновление слэш-команд (/)
[2024-10-15T07:33:44.462Z] [INFO] Слэш-команды (/) успешно обновлены
[2024-10-15T07:33:46.088Z] [INFO] Загружен modals: requestRoleModal
[2024-10-15T07:33:46.191Z] [INFO] Загружено команд: 0
[2024-10-15T07:33:46.191Z] [INFO] Загруженные команды:
[2024-10-15T07:33:46.192Z] [INFO] Начинаем обновление слэш-команд (/)
[2024-10-15T07:33:46.595Z] [INFO] Слэш-команды (/) успешно обновлены
[2024-10-15T07:33:57.034Z] [INFO] Загружен modals: requestRoleModal
[2024-10-15T07:33:57.133Z] [INFO] Загружено команд: 0
[2024-10-15T07:33:57.134Z] [INFO] Загруженные команды:
[2024-10-15T07:33:57.134Z] [INFO] Начинаем обновление слэш-команд (/)
[2024-10-15T07:33:59.511Z] [INFO] Загружен modals: requestRoleModal
[2024-10-15T07:33:59.610Z] [INFO] Загружено команд: 0
[2024-10-15T07:33:59.611Z] [INFO] Загруженные команды:
[2024-10-15T07:33:59.612Z] [INFO] Начинаем обновление слэш-команд (/)
[2024-10-15T07:34:13.933Z] [INFO] Загружен modals: requestRoleModal
[2024-10-15T07:34:14.031Z] [INFO] Загружено команд: 0
[2024-10-15T07:34:14.032Z] [INFO] Загруженные команды:
[2024-10-15T07:34:14.032Z] [INFO] Начинаем обновление слэш-команд (/)
[2024-10-15T07:34:38.930Z] [INFO] Загружен modals: requestRoleModal
[2024-10-15T07:34:39.033Z] [INFO] Загружено команд: 0
[2024-10-15T07:34:39.033Z] [INFO] Загруженные команды:
[2024-10-15T07:34:39.034Z] [INFO] Начинаем обновление слэш-команд (/)
[2024-10-15T07:34:39.415Z] [INFO] Слэш-команды (/) успешно обновлены
[2024-10-15T07:35:38.920Z] [INFO] Загружен modals: requestRoleModal
[2024-10-15T07:35:39.025Z] [INFO] Загружено команд: 0
[2024-10-15T07:35:39.026Z] [INFO] Загруженные команды:
[2024-10-15T07:35:39.026Z] [INFO] Начинаем обновление слэш-команд (/)
[2024-10-15T07:35:39.429Z] [INFO] Слэш-команды (/) успешно обновлены
[2024-10-15T07:36:20.087Z] [INFO] Загружен modals: requestRoleModal
[2024-10-15T07:36:20.187Z] [INFO] Загружено команд: 0
[2024-10-15T07:36:20.188Z] [INFO] Загруженные команды:
[2024-10-15T07:36:20.189Z] [INFO] Начинаем обновление слэш-команд (/)
[2024-10-15T07:36:20.569Z] [INFO] Слэш-команды (/) успешно обновлены
[2024-10-15T07:37:14.456Z] [INFO] Загружен modals: requestRoleModal
[2024-10-15T07:37:14.558Z] [INFO] Загружено команд: 0
[2024-10-15T07:37:14.559Z] [INFO] Загруженные команды:
[2024-10-15T07:37:14.559Z] [INFO] Начинаем обновление слэш-команд (/)
[2024-10-15T07:37:14.973Z] [INFO] Слэш-команды (/) успешно обновлены
[2024-10-15T07:37:25.130Z] [INFO] Загружен modals: requestRoleModal
[2024-10-15T07:37:25.229Z] [INFO] Загружено команд: 0
[2024-10-15T07:37:25.230Z] [INFO] Загруженные команды:
[2024-10-15T07:37:25.230Z] [INFO] Начинаем обновление слэш-команд (/)
[2024-10-15T07:37:25.615Z] [INFO] Слэш-команды (/) успешно обновлены
[2024-10-15T07:41:19.982Z] [INFO] Загружен modals: requestRoleModal
[2024-10-15T07:41:20.083Z] [INFO] Загружено команд: 0
[2024-10-15T07:41:20.084Z] [INFO] Загруженные команды:
[2024-10-15T07:41:20.084Z] [INFO] Начинаем обновление слэш-команд (/)
[2024-10-15T07:41:20.496Z] [INFO] Слэш-команды (/) успешно обновлены
[2024-10-15T07:41:24.963Z] [INFO] Загружен modals: requestRoleModal
[2024-10-15T07:41:25.063Z] [INFO] Загружено команд: 0
[2024-10-15T07:41:25.064Z] [INFO] Загруженные команды:
[2024-10-15T07:41:25.065Z] [INFO] Начинаем обновление слэш-команд (/)
[2024-10-15T07:41:25.581Z] [INFO] Слэш-команды (/) успешно обновлены
[2024-10-15T07:42:46.682Z] [INFO] Загружен modals: requestRoleModal
[2024-10-15T07:42:46.798Z] [INFO] Загружено команд: 0
[2024-10-15T07:42:46.799Z] [INFO] Загруженные команды:
[2024-10-15T07:42:46.799Z] [INFO] Начинаем обновление слэш-команд (/)
[2024-10-15T07:42:47.240Z] [INFO] Слэш-команды (/) успешно обновлены
[2024-10-15T07:43:38.871Z] [INFO] Загружен modals: requestRoleModal
[2024-10-15T07:43:38.977Z] [INFO] Загружено команд: 0
[2024-10-15T07:43:38.977Z] [INFO] Загруженные команды:
[2024-10-15T07:43:38.978Z] [INFO] Начинаем обновление слэш-команд (/)
[2024-10-15T07:43:39.394Z] [INFO] Слэш-команды (/) успешно обновлены
[2024-10-15T07:44:19.006Z] [INFO] Загружен modals: requestRoleModal
[2024-10-15T07:44:19.109Z] [INFO] Загружено команд: 0
[2024-10-15T07:44:19.110Z] [INFO] Загруженные команды:
[2024-10-15T07:44:19.110Z] [INFO] Начинаем обновление слэш-команд (/)
[2024-10-15T07:44:19.499Z] [INFO] Слэш-команды (/) успешно обновлены
[2024-10-15T07:46:13.481Z] [INFO] Загружен modals: requestRoleModal
[2024-10-15T07:46:13.585Z] [INFO] Загружено команд: 0
[2024-10-15T07:46:13.585Z] [INFO] Загруженные команды:
[2024-10-15T07:46:13.586Z] [INFO] Начинаем обновление слэш-команд (/)
[2024-10-15T07:46:13.988Z] [INFO] Слэш-команды (/) успешно обновлены
[2024-10-15T07:46:20.135Z] [INFO] Загружен modals: requestRoleModal
[2024-10-15T07:46:20.236Z] [INFO] Загружено команд: 0
[2024-10-15T07:46:20.237Z] [INFO] Загруженные команды:
[2024-10-15T07:46:20.237Z] [INFO] Начинаем обновление слэш-команд (/)
[2024-10-15T07:46:20.688Z] [INFO] Слэш-команды (/) успешно обновлены
[2024-10-15T07:46:38.011Z] [INFO] Загружен modals: requestRoleModal
[2024-10-15T07:46:38.107Z] [INFO] Загружено команд: 0
[2024-10-15T07:46:38.108Z] [INFO] Загруженные команды:
[2024-10-15T07:46:38.108Z] [INFO] Начинаем обновление слэш-команд (/)
[2024-10-15T07:47:14.470Z] [INFO] Слэш-команды (/) успешно обновлены
[2024-10-15T07:47:22.456Z] [INFO] Загружен modals: requestRoleModal
[2024-10-15T07:47:22.555Z] [INFO] Загружено команд: 0
[2024-10-15T07:47:22.555Z] [INFO] Загруженные команды:
[2024-10-15T07:47:22.556Z] [INFO] Начинаем обновление слэш-команд (/)
[2024-10-15T07:47:22.942Z] [INFO] Слэш-команды (/) успешно обновлены
[2024-10-15T07:48:05.812Z] [INFO] Загружен modals: requestRoleModal
[2024-10-15T07:48:21.344Z] [INFO] Загружен modals: requestRoleModal
[2024-10-15T07:48:46.326Z] [INFO] Загружен modals: requestRoleModal
[2024-10-15T07:48:46.424Z] [INFO] Загружено команд: 0
[2024-10-15T07:48:46.425Z] [INFO] Загруженные команды:
[2024-10-15T07:48:46.425Z] [INFO] Начинаем обновление слэш-команд (/)
[2024-10-15T07:48:46.894Z] [INFO] Слэш-команды (/) успешно обновлены
[2024-10-15T07:49:07.218Z] [INFO] Загружен modals: requestRoleModal
[2024-10-15T07:49:19.903Z] [INFO] Загружен modals: requestRoleModal
[2024-10-15T07:49:36.992Z] [INFO] Загружен modals: requestRoleModal
[2024-10-15T07:49:43.750Z] [INFO] Загружен modals: requestRoleModal
[2024-10-15T07:50:29.972Z] [INFO] Загружен modals: requestRoleModal
[2024-10-15T07:50:30.071Z] [INFO] Загружено команд: 0
[2024-10-15T07:50:30.072Z] [INFO] Загруженные команды:
[2024-10-15T07:50:30.072Z] [INFO] Начинаем обновление слэш-команд (/)
[2024-10-15T07:50:30.485Z] [INFO] Слэш-команды (/) успешно обновлены
[2024-10-15T07:51:29.193Z] [INFO] Загружен modals: requestRoleModal
[2024-10-15T07:51:29.295Z] [INFO] Загружено команд: 0
[2024-10-15T07:51:29.295Z] [INFO] Загруженные команды:
[2024-10-15T07:51:29.296Z] [INFO] Начинаем обновление слэш-команд (/)
[2024-10-15T07:51:29.712Z] [INFO] Слэш-команды (/) успешно обновлены
[2024-10-15T07:51:39.661Z] [INFO] Загружен modals: requestRoleModal
[2024-10-15T07:51:39.758Z] [INFO] Загружено команд: 0
[2024-10-15T07:51:39.759Z] [INFO] Загруженные команды:
[2024-10-15T07:51:39.760Z] [INFO] Начинаем обновление слэш-команд (/)
[2024-10-15T07:51:40.164Z] [INFO] Слэш-команды (/) успешно обновлены
[2024-10-15T07:52:49.251Z] [INFO] Загружен modals: requestRoleModal
[2024-10-15T07:52:49.350Z] [INFO] Загружено команд: 0
[2024-10-15T07:52:49.351Z] [INFO] Загруженные команды:
[2024-10-15T07:52:49.351Z] [INFO] Начинаем обновление слэш-команд (/)
[2024-10-15T07:52:49.755Z] [INFO] Слэш-команды (/) успешно обновлены
[2024-10-15T07:53:32.330Z] [INFO] Загружен modals: requestRoleModal
[2024-10-15T07:53:32.442Z] [INFO] Загружено команд: 0
[2024-10-15T07:53:32.442Z] [INFO] Загруженные команды:
[2024-10-15T07:53:32.443Z] [INFO] Начинаем обновление слэш-команд (/)
[2024-10-15T07:53:32.827Z] [INFO] Слэш-команды (/) успешно обновлены
[2024-10-15T07:53:45.244Z] [INFO] Загружен modals: requestRoleModal
[2024-10-15T07:53:45.343Z] [INFO] Загружено команд: 0
[2024-10-15T07:53:45.343Z] [INFO] Загруженные команды:
[2024-10-15T07:53:45.344Z] [INFO] Начинаем обновление слэш-команд (/)
[2024-10-15T07:53:45.730Z] [INFO] Слэш-команды (/) успешно обновлены
[2024-10-15T07:53:49.356Z] [INFO] Загружен modals: requestRoleModal
[2024-10-15T07:53:49.454Z] [INFO] Загружено команд: 0
[2024-10-15T07:53:49.454Z] [INFO] Загруженные команды:
[2024-10-15T07:53:49.455Z] [INFO] Начинаем обновление слэш-команд (/)
[2024-10-15T07:54:19.176Z] [INFO] Загружен modals: requestRoleModal
[2024-10-15T07:54:19.275Z] [INFO] Загружено команд: 0
[2024-10-15T07:54:19.276Z] [INFO] Загруженные команды:
[2024-10-15T07:54:19.276Z] [INFO] Начинаем обновление слэш-команд (/)
[2024-10-15T07:54:19.692Z] [INFO] Слэш-команды (/) успешно обновлены
[2024-10-15T07:54:28.018Z] [INFO] Загружен modals: requestRoleModal
[2024-10-15T07:54:28.118Z] [INFO] Загружено команд: 0
[2024-10-15T07:54:28.119Z] [INFO] Загруженные команды:
[2024-10-15T07:54:28.119Z] [INFO] Начинаем обновление слэш-команд (/)
[2024-10-15T07:55:03.242Z] [INFO] Слэш-команды (/) успешно обновлены
[2024-10-15T08:10:59.915Z] [INFO] Загружен modals: requestRoleModal
[2024-10-15T08:11:00.015Z] [INFO] Загружено команд: 0
[2024-10-15T08:11:00.015Z] [INFO] Загруженные команды:
[2024-10-15T08:11:00.016Z] [INFO] Начинаем обновление слэш-команд (/)
[2024-10-15T08:11:00.439Z] [INFO] Слэш-команды (/) успешно обновлены
[2024-10-15T08:11:28.419Z] [INFO] Загружен modals: requestRoleModal
[2024-10-15T08:11:28.519Z] [INFO] Загружено команд: 0
[2024-10-15T08:11:28.520Z] [INFO] Загруженные команды:
[2024-10-15T08:11:28.520Z] [INFO] Начинаем обновление слэш-команд (/)
[2024-10-15T08:11:28.931Z] [INFO] Слэш-команды (/) успешно обновлены
[2024-10-15T08:12:52.002Z] [INFO] Загружен modals: requestRoleModal
[2024-10-15T08:12:52.100Z] [INFO] Загружено команд: 0
[2024-10-15T08:12:52.101Z] [INFO] Загруженные команды:
[2024-10-15T08:12:52.101Z] [INFO] Начинаем обновление слэш-команд (/)
[2024-10-15T08:12:52.627Z] [INFO] Слэш-команды (/) успешно обновлены
[2024-10-15T08:13:19.461Z] [INFO] Загружен modals: requestRoleModal
[2024-10-15T08:13:19.560Z] [INFO] Загружено команд: 0
[2024-10-15T08:13:19.561Z] [INFO] Загруженные команды:
[2024-10-15T08:13:19.561Z] [INFO] Начинаем обновление слэш-команд (/)
[2024-10-15T08:13:21.391Z] [INFO] Загружен modals: requestRoleModal
[2024-10-15T08:13:21.492Z] [INFO] Загружено команд: 0
[2024-10-15T08:13:21.493Z] [INFO] Загруженные команды:
[2024-10-15T08:13:21.493Z] [INFO] Начинаем обновление слэш-команд (/)
[2024-10-15T08:13:52.980Z] [INFO] Слэш-команды (/) успешно обновлены
[2024-10-15T08:16:01.796Z] [INFO] Загружен modals: requestRoleModal
[2024-10-15T08:16:01.904Z] [INFO] Загружено команд: 0
[2024-10-15T08:16:01.905Z] [INFO] Загруженные команды:
[2024-10-15T08:16:01.905Z] [INFO] Начинаем обновление слэш-команд (/)
[2024-10-15T08:16:02.384Z] [INFO] Слэш-команды (/) успешно обновлены
[2024-10-15T08:16:53.380Z] [INFO] Загружен modals: requestRoleModal
[2024-10-15T08:16:53.480Z] [INFO] Загружено команд: 0
[2024-10-15T08:16:53.481Z] [INFO] Загруженные команды:
[2024-10-15T08:16:53.481Z] [INFO] Начинаем обновление слэш-команд (/)
[2024-10-15T08:16:53.873Z] [INFO] Слэш-команды (/) успешно обновлены
[2024-10-15T08:17:04.452Z] [INFO] Загружен modals: requestRoleModal
[2024-10-15T08:17:04.552Z] [INFO] Загружено команд: 0
[2024-10-15T08:17:04.553Z] [INFO] Загруженные команды:
[2024-10-15T08:17:04.553Z] [INFO] Начинаем обновление слэш-команд (/)
[2024-10-15T08:17:04.969Z] [INFO] Слэш-команды (/) успешно обновлены
[2024-10-15T15:54:34.255Z] [INFO] Загружен modals: requestRoleModal
[2024-10-15T15:54:34.308Z] [INFO] Загружено команд: 0
[2024-10-15T15:54:34.309Z] [INFO] Загруженные команды:
[2024-10-15T15:54:34.309Z] [INFO] Начинаем обновление слэш-команд (/)
[2024-10-15T15:54:34.728Z] [INFO] Слэш-команды (/) успешно обновлены
[2024-10-15T15:55:43.432Z] [INFO] Загружен modals: requestRoleModal
[2024-10-15T15:55:43.481Z] [INFO] Загружено команд: 0
[2024-10-15T15:55:43.482Z] [INFO] Загруженные команды:
[2024-10-15T15:55:43.482Z] [INFO] Начинаем обновление слэш-команд (/)
[2024-10-15T15:55:44.369Z] [INFO] Слэш-команды (/) успешно обновлены
[2024-10-15T15:59:57.405Z] [INFO] Загружен modals: requestRoleModal
[2024-10-15T15:59:57.455Z] [INFO] Загружено команд: 0
[2024-10-15T15:59:57.456Z] [INFO] Загруженные команды:
[2024-10-15T15:59:57.456Z] [INFO] Начинаем обновление слэш-команд (/)
[2024-10-15T15:59:57.798Z] [INFO] Слэш-команды (/) успешно обновлены
[2024-10-15T16:05:07.581Z] [INFO] Загружен modals: requestRoleModal
[2024-10-15T16:05:07.629Z] [INFO] Загружено команд: 0
[2024-10-15T16:05:07.630Z] [INFO] Загруженные команды:
[2024-10-15T16:05:07.631Z] [INFO] Начинаем обновление слэш-команд (/)
[2024-10-15T16:05:08.139Z] [INFO] Слэш-команды (/) успешно обновлены
[2024-10-15T16:10:49.839Z] [INFO] Загружен modals: requestRoleModal
[2024-10-15T16:10:49.890Z] [INFO] Загружено команд: 0
[2024-10-15T16:10:49.891Z] [INFO] Загруженные команды:
[2024-10-15T16:10:49.891Z] [INFO] Начинаем обновление слэш-команд (/)
[2024-10-15T16:10:50.251Z] [INFO] Слэш-команды (/) успешно обновлены
[2024-10-15T16:16:06.358Z] [INFO] Загружен modals: requestRoleModal
[2024-10-15T16:16:06.404Z] [INFO] Загружено команд: 0
[2024-10-15T16:16:06.405Z] [INFO] Загруженные команды:
[2024-10-15T16:16:06.405Z] [INFO] Начинаем обновление слэш-команд (/)
[2024-10-15T16:16:06.833Z] [INFO] Слэш-команды (/) успешно обновлены
[2024-10-15T16:20:02.623Z] [INFO] Загружен modals: requestRoleModal
[2024-10-15T16:20:02.672Z] [INFO] Загружено команд: 0
[2024-10-15T16:20:02.673Z] [INFO] Загруженные команды:
[2024-10-15T16:20:02.673Z] [INFO] Начинаем обновление слэш-команд (/)
[2024-10-15T16:20:03.069Z] [INFO] Слэш-команды (/) успешно обновлены
[2024-10-15T16:22:01.011Z] [INFO] Загружен modals: requestRoleModal
[2024-10-15T16:22:01.057Z] [INFO] Загружено команд: 0
[2024-10-15T16:22:01.058Z] [INFO] Загруженные команды:
[2024-10-15T16:22:01.058Z] [INFO] Начинаем обновление слэш-команд (/)
[2024-10-15T16:22:01.418Z] [INFO] Слэш-команды (/) успешно обновлены
[2024-10-15T16:32:20.637Z] [INFO] Загружен modals: requestRoleModal
[2024-10-15T16:32:20.685Z] [INFO] Загружено команд: 0
[2024-10-15T16:32:20.686Z] [INFO] Загруженные команды:
[2024-10-15T16:32:20.686Z] [INFO] Начинаем обновление слэш-команд (/)
[2024-10-15T16:32:21.055Z] [INFO] Слэш-команды (/) успешно обновлены
[2024-10-15T16:34:15.364Z] [INFO] Загружен modals: requestRoleModal
[2024-10-15T16:34:15.410Z] [INFO] Загружено команд: 0
[2024-10-15T16:34:15.411Z] [INFO] Загруженные команды:
[2024-10-15T16:34:15.411Z] [INFO] Начинаем обновление слэш-команд (/)
[2024-10-15T16:34:15.819Z] [INFO] Слэш-команды (/) успешно обновлены
[2024-10-15T17:02:27.121Z] [INFO] Загружен modals: requestRoleModal
[2024-10-15T17:02:27.182Z] [INFO] Загружено команд: 0
[2024-10-15T17:02:27.183Z] [INFO] Загруженные команды:
[2024-10-15T17:02:27.183Z] [INFO] Начинаем обновление слэш-команд (/)
[2024-10-15T17:02:27.668Z] [INFO] Слэш-команды (/) успешно обновлены
[2024-10-15T17:06:30.722Z] [INFO] Загружен modals: requestRoleModal
[2024-10-15T17:06:30.775Z] [INFO] Загружено команд: 0
[2024-10-15T17:06:30.776Z] [INFO] Загруженные команды:
[2024-10-15T17:06:30.776Z] [INFO] Начинаем обновление слэш-команд (/)
[2024-10-15T17:06:31.174Z] [INFO] Слэш-команды (/) успешно обновлены
[2024-10-15T17:08:18.792Z] [INFO] Загружен modals: requestRoleModal
[2024-10-15T17:08:18.857Z] [INFO] Загружено команд: 0
[2024-10-15T17:08:18.858Z] [INFO] Загруженные команды:
[2024-10-15T17:08:18.858Z] [INFO] Начинаем обновление слэш-команд (/)
[2024-10-15T17:08:19.230Z] [INFO] Слэш-команды (/) успешно обновлены
[2024-10-15T17:30:28.000Z] [INFO] Загружен modals: requestRoleModal
[2024-10-15T17:30:28.070Z] [INFO] Загружено команд: 0
[2024-10-15T17:30:28.070Z] [INFO] Загруженные команды:
[2024-10-15T17:30:28.071Z] [INFO] Начинаем обновление слэш-команд (/)
[2024-10-15T17:30:28.467Z] [INFO] Слэш-команды (/) успешно обновлены
[2024-10-15T17:38:26.298Z] [INFO] Загружен modals: requestRoleModal
[2024-10-15T17:38:26.349Z] [INFO] Загружено команд: 0
[2024-10-15T17:38:26.350Z] [INFO] Загруженные команды:
[2024-10-15T17:38:26.350Z] [INFO] Начинаем обновление слэш-команд (/)
[2024-10-15T17:38:26.757Z] [INFO] Слэш-команды (/) успешно обновлены
[2024-10-15T17:42:36.093Z] [INFO] Загружен modals: requestRoleModal
[2024-10-15T17:42:36.148Z] [INFO] Загружено команд: 0
[2024-10-15T17:42:36.149Z] [INFO] Загруженные команды:
[2024-10-15T17:42:36.149Z] [INFO] Начинаем обновление слэш-команд (/)
[2024-10-15T17:42:36.525Z] [INFO] Слэш-команды (/) успешно обновлены
[2024-10-15T17:48:16.789Z] [INFO] Загружен modals: requestRoleModal
[2024-10-15T17:48:16.844Z] [INFO] Загружено команд: 0
[2024-10-15T17:48:16.845Z] [INFO] Загруженные команды:
[2024-10-15T17:48:16.845Z] [INFO] Начинаем обновление слэш-команд (/)
[2024-10-15T17:48:17.211Z] [INFO] Слэш-команды (/) успешно обновлены
[2024-10-15T18:33:16.723Z] [INFO] Загружен modals: requestRoleModal
[2024-10-15T18:33:16.783Z] [INFO] Загружено команд: 0
[2024-10-15T18:33:16.784Z] [INFO] Загруженные команды:
[2024-10-15T18:33:16.784Z] [INFO] Начинаем обновление слэш-команд (/)
[2024-10-15T18:33:17.190Z] [INFO] Слэш-команды (/) успешно обновлены
[2024-10-15T19:04:46.608Z] [INFO] Загружен modals: requestRoleModal
[2024-10-15T19:04:46.667Z] [INFO] Загружено команд: 0
[2024-10-15T19:04:46.668Z] [INFO] Загруженные команды:
[2024-10-15T19:04:46.668Z] [INFO] Начинаем обновление слэш-команд (/)
[2024-10-15T19:04:47.086Z] [INFO] Слэш-команды (/) успешно обновлены
[2024-10-15T19:28:27.342Z] [INFO] Загружен modals: requestRoleModal
[2024-10-15T19:28:27.406Z] [INFO] Загружено команд: 0
[2024-10-15T19:28:27.407Z] [INFO] Загруженные команды:
[2024-10-15T19:28:27.409Z] [INFO] Начинаем обновление слэш-команд (/)
[2024-10-15T19:28:27.756Z] [INFO] Слэш-команды (/) успешно обновлены
[2024-10-15T20:17:39.782Z] [INFO] Загружен modals: requestRoleModal
[2024-10-15T20:17:39.845Z] [INFO] Загружено команд: 0
[2024-10-15T20:17:39.846Z] [INFO] Загруженные команды:
[2024-10-15T20:17:39.846Z] [INFO] Начинаем обновление слэш-команд (/)
[2024-10-15T20:17:40.202Z] [INFO] Слэш-команды (/) успешно обновлены
[2024-10-16T04:21:12.390Z] [INFO] Загружен modals: requestRoleModal
[2024-10-16T04:21:12.448Z] [INFO] Загружено команд: 0
[2024-10-16T04:21:12.449Z] [INFO] Загруженные команды:
[2024-10-16T04:21:12.449Z] [INFO] Начинаем обновление слэш-команд (/)
[2024-10-16T04:21:12.827Z] [INFO] Слэш-команды (/) успешно обновлены
[2024-10-16T08:52:05.069Z] [INFO] Загружен modals: requestRoleModal
[2024-10-16T08:52:05.132Z] [INFO] Загружено команд: 0
[2024-10-16T08:52:05.133Z] [INFO] Загруженные команды:
[2024-10-16T08:52:05.133Z] [INFO] Начинаем обновление слэш-команд (/)
[2024-10-16T08:53:48.898Z] [INFO] Загружен modals: requestRoleModal
[2024-10-16T08:53:48.948Z] [INFO] Загружено команд: 0
[2024-10-16T08:53:48.949Z] [INFO] Загруженные команды:
[2024-10-16T08:53:48.950Z] [INFO] Начинаем обновление слэш-команд (/)
[2024-10-16T08:53:49.296Z] [INFO] Слэш-команды (/) успешно обновлены
